<?xml version="1.0" encoding="UTF-8"?>
<testng-results ignored="0" total="1" passed="0" failed="1" skipped="0">
  <reporter-output>
  </reporter-output>
  <suite started-at="2025-01-23T13:57:16 UTC" name="C1POC_DesktopApp_Login" finished-at="2025-01-23T13:57:17 UTC" duration-ms="57">
    <groups>
    </groups>
    <test started-at="2025-01-23T13:57:16 UTC" name="C1POC_DesktopApp_Login" finished-at="2025-01-23T13:57:17 UTC" duration-ms="57">
      <class name="c1ework.Tests.DesktopApp.C1DA01_TS01_Login">
        <test-method is-config="true" signature="setupSuite(java.lang.String)[pri:0, instance:c1ework.Tests.DesktopApp.C1DA01_TS01_Login@483f6d77]" started-at="2025-01-23T13:57:16 UTC" name="setupSuite" finished-at="2025-01-23T13:57:16 UTC" duration-ms="22" status="PASS">
          <params>
            <param index="0">
              <value>
                <![CDATA[win-app]]>
              </value>
            </param>
          </params>
          <reporter-output>
          </reporter-output>
        </test-method> <!-- setupSuite -->
        <test-method is-config="true" signature="setupTest(java.lang.String,java.lang.String,java.lang.String)[pri:0, instance:c1ework.Tests.DesktopApp.C1DA01_TS01_Login@483f6d77]" started-at="2025-01-23T13:57:16 UTC" name="setupTest" finished-at="2025-01-23T13:57:16 UTC" duration-ms="10" status="PASS">
          <params>
            <param index="0">
              <value>
                <![CDATA[win-app]]>
              </value>
            </param>
            <param index="1">
              <value>
                <![CDATA[C1POC_DA]]>
              </value>
            </param>
            <param index="2">
              <value>
                <![CDATA[https://qa.cambridgeone.org/]]>
              </value>
            </param>
          </params>
          <reporter-output>
          </reporter-output>
        </test-method> <!-- setupTest -->
        <test-method signature="DA_LOGIN()[pri:0, instance:c1ework.Tests.DesktopApp.C1DA01_TS01_Login@483f6d77]" started-at="2025-01-23T13:57:16 UTC" name="DA_LOGIN" finished-at="2025-01-23T13:57:17 UTC" duration-ms="4" status="FAIL">
          <exception class="java.lang.NullPointerException">
            <message>
              <![CDATA[Cannot invoke "ework.utils.RunLogger.logUpdateScenario()" because "c1ework.Tests.DesktopApp.C1DA01_TS01_Login.logger" is null]]>
            </message>
            <full-stacktrace>
              <![CDATA[java.lang.NullPointerException: Cannot invoke "ework.utils.RunLogger.logUpdateScenario()" because "c1ework.Tests.DesktopApp.C1DA01_TS01_Login.logger" is null
at c1ework.Tests.DesktopApp.C1DA01_TS01_Login.DA_LOGIN(C1DA01_TS01_Login.java:27)
at java.base/jdk.internal.reflect.DirectMethodHandleAccessor.invoke(DirectMethodHandleAccessor.java:103)
at java.base/java.lang.reflect.Method.invoke(Method.java:580)
at org.testng.internal.invokers.MethodInvocationHelper.invokeMethod(MethodInvocationHelper.java:141)
at org.testng.internal.invokers.TestInvoker.invokeMethod(TestInvoker.java:686)
at org.testng.internal.invokers.TestInvoker.invokeTestMethod(TestInvoker.java:230)
at org.testng.internal.invokers.MethodRunner.runInSequence(MethodRunner.java:63)
at org.testng.internal.invokers.TestInvoker$MethodInvocationAgent.invoke(TestInvoker.java:992)
at org.testng.internal.invokers.TestInvoker.invokeTestMethods(TestInvoker.java:203)
at org.testng.internal.invokers.TestMethodWorker.invokeTestMethods(TestMethodWorker.java:154)
at org.testng.internal.invokers.TestMethodWorker.run(TestMethodWorker.java:134)
at java.base/java.util.ArrayList.forEach(ArrayList.java:1596)
at org.testng.TestRunner.privateRun(TestRunner.java:739)
at org.testng.TestRunner.run(TestRunner.java:614)
at org.testng.SuiteRunner.runTest(SuiteRunner.java:421)
at org.testng.SuiteRunner$SuiteWorker.run(SuiteRunner.java:463)
at org.testng.internal.thread.ThreadUtil.lambda$execute$0(ThreadUtil.java:64)
at java.base/java.util.concurrent.FutureTask.run(FutureTask.java:317)
at java.base/java.util.concurrent.ThreadPoolExecutor.runWorker(ThreadPoolExecutor.java:1144)
at java.base/java.util.concurrent.ThreadPoolExecutor$Worker.run(ThreadPoolExecutor.java:642)
at java.base/java.lang.Thread.run(Thread.java:1583)
]]>
            </full-stacktrace>
          </exception> <!-- java.lang.NullPointerException -->
          <reporter-output>
          </reporter-output>
        </test-method> <!-- DA_LOGIN -->
        <test-method is-config="true" signature="finalizeTest()[pri:0, instance:c1ework.Tests.DesktopApp.C1DA01_TS01_Login@483f6d77]" started-at="2025-01-23T13:57:17 UTC" name="finalizeTest" finished-at="2025-01-23T13:57:17 UTC" duration-ms="1" status="FAIL">
          <exception class="java.lang.NullPointerException">
            <message>
              <![CDATA[Cannot invoke "ework.utils.ConfigFile.isProxyMode()" because "ework.utils.TestDriver.config" is null]]>
            </message>
            <full-stacktrace>
              <![CDATA[java.lang.NullPointerException: Cannot invoke "ework.utils.ConfigFile.isProxyMode()" because "ework.utils.TestDriver.config" is null
at ework.utils.TestDriver.finalizeTest(TestDriver.java:134)
at java.base/jdk.internal.reflect.DirectMethodHandleAccessor.invoke(DirectMethodHandleAccessor.java:103)
at java.base/java.lang.reflect.Method.invoke(Method.java:580)
at org.testng.internal.invokers.MethodInvocationHelper.invokeMethod(MethodInvocationHelper.java:141)
at org.testng.internal.invokers.MethodInvocationHelper.invokeMethodConsideringTimeout(MethodInvocationHelper.java:71)
at org.testng.internal.invokers.ConfigInvoker.invokeConfigurationMethod(ConfigInvoker.java:400)
at org.testng.internal.invokers.ConfigInvoker.invokeConfigurations(ConfigInvoker.java:333)
at org.testng.internal.invokers.TestMethodWorker.invokeAfterClassConfigurations(TestMethodWorker.java:238)
at org.testng.internal.invokers.TestMethodWorker.invokeAfterClassMethods(TestMethodWorker.java:223)
at org.testng.internal.invokers.TestMethodWorker.run(TestMethodWorker.java:137)
at java.base/java.util.ArrayList.forEach(ArrayList.java:1596)
at org.testng.TestRunner.privateRun(TestRunner.java:739)
at org.testng.TestRunner.run(TestRunner.java:614)
at org.testng.SuiteRunner.runTest(SuiteRunner.java:421)
at org.testng.SuiteRunner$SuiteWorker.run(SuiteRunner.java:463)
at org.testng.internal.thread.ThreadUtil.lambda$execute$0(ThreadUtil.java:64)
at java.base/java.util.concurrent.FutureTask.run(FutureTask.java:317)
at java.base/java.util.concurrent.ThreadPoolExecutor.runWorker(ThreadPoolExecutor.java:1144)
at java.base/java.util.concurrent.ThreadPoolExecutor$Worker.run(ThreadPoolExecutor.java:642)
at java.base/java.lang.Thread.run(Thread.java:1583)
]]>
            </full-stacktrace>
          </exception> <!-- java.lang.NullPointerException -->
          <reporter-output>
          </reporter-output>
        </test-method> <!-- finalizeTest -->
      </class> <!-- c1ework.Tests.DesktopApp.C1DA01_TS01_Login -->
    </test> <!-- C1POC_DesktopApp_Login -->
  </suite> <!-- C1POC_DesktopApp_Login -->
  <suite started-at="2025-01-23T13:57:17 UTC" name="Default Suite" finished-at="2025-01-23T13:57:17 UTC" duration-ms="0">
    <groups>
    </groups>
  </suite> <!-- Default Suite -->
</testng-results>
